{'dump': False, 'go': 'all', 'seed': 937162211, 'file': '../../etc/data/auto93.csv', 'Far': 0.95, 'help': False, 'min': 0.5, 'p': 2, 'Sample': 512}
✅ pass: the
✅ pass: sym
✅ pass: num
✅ pass: csv
✅ pass: data
✅ pass: clone
0 0 [8, 360, 215, 4615, 14, 70, 1, 10]
0 0.0 [8, 360, 215, 4615, 14, 70, 1, 10]
50 0.14 [8, 318, 150, 4237, 14.5, 73, 1, 10]
100 0.3 [6, 250, 100, 3336, 17, 74, 1, 20]
150 0.39 [6, 225, 100, 3630, 17.7, 77, 1, 20]
200 0.58 [4, 156, 105, 2745, 16.7, 78, 1, 20]
250 0.71 [4, 116, 90, 2123, 14, 71, 2, 30]
300 0.74 [4, 115, 95, 2694, 15, 75, 2, 20]
350 0.82 [4, 134, 90, 2711, 15.5, 80, 3, 30]
✅ pass: around
199 199 398
[4, 90, 71, 2223, 16.5, 75, 2, 30] 0.6820450147798408
[4, 112, 88, 2395, 18, 82, 1, 30]
[8, 260, 110, 4060, 19, 77, 1, 20]
✅ pass: half
398  {'Lbs-': 2970.4, 'Acc+': 15.6, 'Mpg+': 23.8}
| 199  
| | 99  
| | | 49  
| | | | 24  {'Lbs-': 3866.7, 'Acc+': 14.2, 'Mpg+': 19.2}
| | | | 25  {'Lbs-': 4257.8, 'Acc+': 13.4, 'Mpg+': 16.8}
| | | 50  
| | | | 25  {'Lbs-': 4099.2, 'Acc+': 12.9, 'Mpg+': 12.0}
| | | | 25  {'Lbs-': 4161.7, 'Acc+': 11.6, 'Mpg+': 13.2}
| | 100  
| | | 50  
| | | | 25  {'Lbs-': 3534.2, 'Acc+': 16.0, 'Mpg+': 18.8}
| | | | 25  {'Lbs-': 3062.9, 'Acc+': 16.1, 'Mpg+': 20.0}
| | | 50  
| | | | 25  {'Lbs-': 3203.1, 'Acc+': 16.3, 'Mpg+': 21.6}
| | | | 25  {'Lbs-': 2800.1, 'Acc+': 16.2, 'Mpg+': 26.8}
| 199  
| | 99  
| | | 49  
| | | | 24  {'Lbs-': 2260.8, 'Acc+': 17.0, 'Mpg+': 32.9}
| | | | 25  {'Lbs-': 2361.4, 'Acc+': 17.5, 'Mpg+': 34.0}
| | | 50  
| | | | 25  {'Lbs-': 2687.7, 'Acc+': 15.4, 'Mpg+': 24.4}
| | | | 25  {'Lbs-': 2099.2, 'Acc+': 16.6, 'Mpg+': 30.0}
| | 100  
| | | 50  
| | | | 25  {'Lbs-': 2177.6, 'Acc+': 17.0, 'Mpg+': 30.0}
| | | | 25  {'Lbs-': 2324.8, 'Acc+': 16.2, 'Mpg+': 30.8}
| | | 50  
| | | | 25  {'Lbs-': 2434.9, 'Acc+': 16.2, 'Mpg+': 26.0}
| | | | 25  {'Lbs-': 2202.1, 'Acc+': 16.5, 'Mpg+': 25.2}
✅ pass: cluster
398  {'Lbs-': 2970.4, 'Acc+': 15.6, 'Mpg+': 23.8}
| 199  
| | 99  
| | | 50  
| | | | 25  {'Lbs-': 2305.2, 'Acc+': 16.2, 'Mpg+': 32.4}
✅ pass: optimize
y mid {'Lbs-': 2970.42, 'Acc+': 15.57, 'Mpg+': 23.84}
  div {'Lbs-': 846.84, 'Acc+': 2.76, 'Mpg+': 8.34}
x mid {'Clndrs': 5.45, 'Volume': 193.43, 'Model': 76.01, 'origin': 1}
  div {'Clndrs': 1.7, 'Volume': 104.27, 'Model': 3.7, 'origin': 1.3273558482394003}
✅ pass: stats