{'dump': False, 'go': 'all', 'seed': 937162211, 'file': '../../etc/data/repgrid1.csv', 'help': False, 'p': 2}
✅ pass: the
b4 {'a': 1, 'b': {'c': 2, 'd': [3]}} 
after {'a': 1, 'b': {'c': 2, 'd': [10000]}}
✅ pass: copy
✅ pass: sym
✅ pass: num
{'a': 'NUM', 'at': 0, 'hi': 5, 'id': 4385342464, 'lo': 1, 'm2': 13.5, 'mu': 1.75, 'n': 8, 'txt': 'Num1', 'w': 1}
{'a': 'NUM', 'at': 1, 'hi': 5, 'id': 4385342848, 'lo': 1, 'm2': 17.875, 'mu': 2.375, 'n': 8, 'txt': 'Num2', 'w': 1}
{'a': 'NUM', 'at': 2, 'hi': 3, 'id': 4385343808, 'lo': 1, 'm2': 6.000000000000001, 'mu': 1.5, 'n': 8, 'txt': 'Num3', 'w': 1}
{'a': 'NUM', 'at': 3, 'hi': 5, 'id': 4385344144, 'lo': 1, 'm2': 18.875, 'mu': 2.125, 'n': 8, 'txt': 'Num4', 'w': 1}
{'a': 'NUM', 'at': 4, 'hi': 5, 'id': 4385343568, 'lo': 1, 'm2': 14.874999999999998, 'mu': 1.8749999999999998, 'n': 8, 'txt': 'Num5', 'w': 1}
{'a': 'NUM', 'at': 5, 'hi': 5, 'id': 4385342560, 'lo': 1, 'm2': 32.0, 'mu': 3.0, 'n': 8, 'txt': 'Num6', 'w': 1}
{'a': 'NUM', 'at': 6, 'hi': 5, 'id': 4385342608, 'lo': 1, 'm2': 20.000000000000004, 'mu': 3.5, 'n': 8, 'txt': 'Num7', 'w': 1}
{'a': 'NUM', 'at': 7, 'hi': 5, 'id': 4385342656, 'lo': 2, 'm2': 10.874999999999998, 'mu': 4.125, 'n': 8, 'txt': 'Num8', 'w': 1}
{'a': 'NUM', 'at': 8, 'hi': 5, 'id': 4385343232, 'lo': 1, 'm2': 16.0, 'mu': 2.5, 'n': 8, 'txt': 'Num9', 'w': 1}
{'a': 'NUM', 'at': 9, 'hi': 5, 'id': 4385343616, 'lo': 1, 'm2': 15.875, 'mu': 2.375, 'n': 8, 'txt': 'Num10', 'w': 1}
{'a': 'SYM', 'at': 10, 'has': {}, 'id': 4385343664, 'mode': None, 'most': 0, 'n': 0, 'txt': 'thingX'}
{'a': 'ROW', 'cells': [5, 3, 3, 1, 1, 1, 1, 3, 5, 5, 'DevelopmentTool:Application'], 'id': 4384587728}
{'a': 'ROW', 'cells': [2, 1, 1, 5, 5, 5, 5, 5, 1, 2, 'Multimedia:Programming'], 'id': 4385343760}
{'a': 'ROW', 'cells': [1, 3, 1, 3, 2, 5, 4, 3, 1, 1, 'CommunicationTechnology:ApplicationTechnology'], 'id': 4385343904}
{'a': 'ROW', 'cells': [2, 1, 1, 1, 3, 5, 3, 2, 2, 2, 'HumanOrientedTool:SystemTool'], 'id': 4385344000}
{'a': 'ROW', 'cells': [1, 5, 3, 4, 1, 1, 4, 5, 4, 4, 'ConventionalCommunication:NovelCommunication'], 'id': 4385344048}
{'a': 'ROW', 'cells': [1, 4, 1, 1, 1, 1, 1, 5, 3, 1, 'OnlyActAsProgrammed:Semi-autonomous'], 'id': 4385344240}
{'a': 'ROW', 'cells': [1, 1, 1, 1, 1, 1, 5, 5, 1, 1, 'ConventionalSystem:IntelligentSystem'], 'id': 4385344336}
{'a': 'ROW', 'cells': [1, 1, 1, 1, 1, 5, 5, 5, 3, 3, 'TargetedOnInterface:TargetedOnOverallSystem'], 'id': 4385344432}
✅ pass: repcols
74
|..61
|..|..54
|..|..|..ConventionalCommunication:NovelCommunication
|..|..|..DevelopmentTool:Application
|..|..43
|..|..|..OnlyActAsProgrammed:Semi-autonomous
|..|..|..ConventionalSystem:IntelligentSystem
|..51
|..|..51
|..|..|..TargetedOnInterface:TargetedOnOverallSystem
|..|..|..Multimedia:Programming
|..|..51
|..|..|..CommunicationTechnology:ApplicationTechnology
|..|..|..HumanOrientedTool:SystemTool
✅ pass: synonyms
{'a': 'NUM', 'at': 0, 'hi': 5, 'id': 4385342464, 'lo': 1, 'm2': 27.6, 'mu': 2.8, 'n': 10, 'txt': 'DevelopmentTool:Application', 'w': 1}
{'a': 'NUM', 'at': 1, 'hi': 5, 'id': 4385343808, 'lo': 1, 'm2': 33.6, 'mu': 3.2, 'n': 10, 'txt': 'Multimedia:Programming', 'w': 1}
{'a': 'NUM', 'at': 2, 'hi': 5, 'id': 4385344144, 'lo': 1, 'm2': 18.4, 'mu': 2.4, 'n': 10, 'txt': 'CommunicationTechnology:ApplicationTechnology', 'w': 1}
{'a': 'NUM', 'at': 3, 'hi': 5, 'id': 4385342848, 'lo': 1, 'm2': 13.599999999999998, 'mu': 2.2000000000000006, 'n': 10, 'txt': 'HumanOrientedTool:SystemTool', 'w': 1}
{'a': 'NUM', 'at': 4, 'hi': 5, 'id': 4385342560, 'lo': 1, 'm2': 23.6, 'mu': 3.2, 'n': 10, 'txt': 'ConventionalCommunication:NovelCommunication', 'w': 1}
{'a': 'NUM', 'at': 5, 'hi': 5, 'id': 4385343568, 'lo': 1, 'm2': 20.9, 'mu': 1.9, 'n': 10, 'txt': 'OnlyActAsProgrammed:Semi-autonomous', 'w': -1}
{'a': 'NUM', 'at': 6, 'hi': 5, 'id': 4385342656, 'lo': 1, 'm2': 25.6, 'mu': 1.8, 'n': 10, 'txt': 'ConventionalSystem:IntelligentSystem', 'w': 1}
{'a': 'NUM', 'at': 7, 'hi': 5, 'id': 4385342608, 'lo': 1, 'm2': 30.4, 'mu': 2.5999999999999996, 'n': 10, 'txt': 'TargetedOnInterface:TargetedOnOverallSystem', 'w': 1}
{'a': 'SYM', 'at': 8, 'has': {}, 'id': 4385343616, 'mode': None, 'most': 0, 'n': 0, 'txt': 'thingX'}
{'a': 'ROW', 'cells': [5, 2, 1, 2, 1, 1, 1, 1, 'ElectronicPublishing'], 'id': 4385077760}
{'a': 'ROW', 'cells': [3, 1, 3, 1, 5, 4, 1, 1, 'VirtualReality'], 'id': 4385343232}
{'a': 'ROW', 'cells': [3, 1, 1, 1, 3, 1, 1, 1, 'MultimediaAndHypermedia'], 'id': 4385343712}
{'a': 'ROW', 'cells': [1, 5, 3, 1, 4, 1, 1, 1, 'VisualProgramming'], 'id': 4385343664}
{'a': 'ROW', 'cells': [1, 5, 2, 3, 1, 1, 1, 1, 'CrossPlatformGUIs'], 'id': 4385343856}
{'a': 'ROW', 'cells': [1, 5, 5, 5, 1, 1, 1, 5, 'ObjectOrientedSystems'], 'id': 4385343760}
{'a': 'ROW', 'cells': [1, 5, 4, 3, 4, 1, 5, 5, 'KnowledgeBasedSystems'], 'id': 4385343952}
{'a': 'ROW', 'cells': [3, 5, 3, 2, 5, 5, 5, 5, 'IntelligentAgents'], 'id': 4385343904}
{'a': 'ROW', 'cells': [5, 1, 1, 2, 4, 3, 1, 3, 'InformationHighway'], 'id': 4385344096}
{'a': 'ROW', 'cells': [5, 2, 1, 2, 4, 1, 1, 3, 'BroadbandNetworks'], 'id': 4385344000}
✅ pass: reprows
63
|..61
|..|..61
|..|..|..VisualProgramming
|..|..|..InformationHighway
|..|..35
|..|..|..BroadbandNetworks
|..|..|..27
|..|..|..|..VirtualReality
|..|..|..|..MultimediaAndHypermedia
|..77
|..|..77
|..|..|..ElectronicPublishing
|..|..|..CrossPlatformGUIs
|..|..82
|..|..|..IntelligentAgents
|..|..|..52
|..|..|..|..KnowledgeBasedSystems
|..|..|..|..ObjectOrientedSystems
✅ pass: prototypes

A ElectronicPublishing
B VirtualReality
C MultimediaAndHypermedia
D VisualProgramming
E CrossPlatformGUIs
F ObjectOrientedSystems
G KnowledgeBasedSystems
H IntelligentAgents
I InformationHighway
J BroadbandNetworks

E                                      
                                       
                                       
                                       
                      G   H            
      D                                
                                       
                                       
                                       
    A C F     J                        
          B   I                        
✅ pass: position
82
|..63
|..|..25
|..|..|..KnowledgeBasedSystems
|..|..|..IntelligentAgents
|..|..51
|..|..|..ObjectOrientedSystems
|..|..|..63
|..|..|..|..VisualProgramming
|..|..|..|..CrossPlatformGUIs
|..48
|..|..48
|..|..|..VirtualReality
|..|..|..BroadbandNetworks
|..|..48
|..|..|..InformationHighway
|..|..|..30
|..|..|..|..MultimediaAndHypermedia
|..|..|..|..ElectronicPublishing
88
|..56
|..|..41
|..|..|..Multimedia:Programming
|..|..|..CommunicationTechnology:ApplicationTechnology
|..|..39
|..|..|..TargetedOnInterface:TargetedOnOverallSystem
|..|..|..ConventionalSystem:IntelligentSystem
|..67
|..|..67
|..|..|..HumanOrientedTool:SystemTool
|..|..|..OnlyActAsProgrammed:Semi-autonomous
|..|..74
|..|..|..ConventionalCommunication:NovelCommunication
|..|..|..DevelopmentTool:Application

A ElectronicPublishing
B VirtualReality
C MultimediaAndHypermedia
D VisualProgramming
E CrossPlatformGUIs
F ObjectOrientedSystems
G KnowledgeBasedSystems
H IntelligentAgents
I InformationHighway
J BroadbandNetworks

G                               A      
                                       
                                       
                                       
  H                                    
                        J   C          
                          I            
                    E                  
                D     B                
        F                              
✅ pass: every